2017-06-06 15:24:53 WARNING (Recorder) [homeassistant.components.recorder] Ended unfinished session (id=18 from 2017-06-06 13:24:52.292721)
2017-06-06 15:24:55 WARNING (Thread-1) [mysensors] File does not exist or is not readable: /home/homeassistant/.homeassistant/mysensors1.pickle
2017-06-06 15:24:55 WARNING (Thread-1) [mysensors] Trying backup file: /home/homeassistant/.homeassistant/mysensors1.pickle.bak
2017-06-06 15:24:55 WARNING (Thread-1) [mysensors] File does not exist or is not readable: /home/homeassistant/.homeassistant/mysensors1.pickle.bak
2017-06-06 15:24:55 WARNING (Thread-1) [mysensors] Failed to load sensors from file: /home/homeassistant/.homeassistant/mysensors1.pickle
2017-06-06 15:25:02 WARNING (Thread-12) [mysensors] Node 12 is unknown
2017-06-06 15:25:02 WARNING (Thread-12) [mysensors] Node 10 is unknown
2017-06-06 15:25:02 WARNING (Thread-12) [mysensors] Node 3 is unknown
2017-06-06 15:25:04 WARNING (Thread-12) [mysensors] child_id 0 already exists in children of node 12, cannot add child
2017-06-06 15:25:04 WARNING (Thread-12) [mysensors] child_id 1 already exists in children of node 12, cannot add child
2017-06-06 15:25:04 WARNING (Thread-12) [mysensors] Node 7 is unknown
2017-06-06 15:25:05 WARNING (Thread-12) [mysensors] Node 1 is unknown
2017-06-06 15:25:05 WARNING (Thread-12) [mysensors] Node 10 is unknown
2017-06-06 15:25:06 WARNING (Thread-12) [mysensors] Node 10 is unknown
2017-06-06 15:25:06 WARNING (Thread-12) [mysensors] child_id 1 already exists in children of node 3, cannot add child
2017-06-06 15:25:07 WARNING (Thread-12) [mysensors] Node 7 is unknown
2017-06-06 15:25:08 WARNING (Thread-12) [mysensors] child_id 0 already exists in children of node 10, cannot add child
2017-06-06 15:25:08 WARNING (Thread-12) [mysensors] child_id 0 already exists in children of node 10, cannot add child
2017-06-06 15:25:08 WARNING (Thread-12) [mysensors] Node 1 is unknown
2017-06-06 15:25:15 WARNING (Thread-12) [mysensors] Node 1 is unknown
2017-06-06 15:25:18 WARNING (Thread-12) [mysensors] Node 7 is unknown
2017-06-06 15:25:18 WARNING (Thread-12) [mysensors] Node 1 is unknown
2017-06-06 15:25:24 WARNING (Thread-12) [mysensors] Node 1 is unknown
2017-06-06 15:25:25 WARNING (Thread-12) [mysensors] Node 7 is unknown
2017-06-06 15:25:28 WARNING (Thread-12) [mysensors] Node 1 is unknown
2017-06-06 15:25:28 WARNING (Thread-12) [mysensors] Node 7 is unknown
2017-06-06 15:25:34 WARNING (Thread-12) [mysensors] Node 1 is unknown
2017-06-06 15:25:38 WARNING (Thread-12) [mysensors] Node 2 is unknown
2017-06-06 15:25:41 WARNING (Thread-12) [mysensors] Node 2 is unknown
2017-06-06 15:25:43 WARNING (Thread-12) [mysensors] Node 7 is unknown
2017-06-06 15:25:45 WARNING (Thread-12) [mysensors] Node 7 is unknown
2017-06-06 15:25:46 WARNING (Thread-12) [mysensors] Node 2 is unknown
2017-06-06 15:25:49 WARNING (Thread-12) [mysensors] Node 2 is unknown
2017-06-06 15:25:56 WARNING (Thread-12) [mysensors] Node 7 is unknown
2017-06-06 15:25:58 WARNING (Thread-12) [mysensors] Node 2 is unknown
2017-06-06 15:25:58 WARNING (Thread-12) [mysensors] Node 7 is unknown
2017-06-06 15:26:00 WARNING (Thread-12) [mysensors] Node 6 is unknown
2017-06-06 15:26:00 WARNING (Thread-12) [mysensors] Node 6 is unknown
2017-06-06 15:26:01 WARNING (Thread-12) [mysensors] Node 2 is unknown
2017-06-06 15:26:05 WARNING (Thread-12) [mysensors] Node 7 is unknown
2017-06-06 15:26:08 WARNING (Thread-12) [mysensors] Node 7 is unknown
2017-06-06 15:26:18 WARNING (Thread-12) [mysensors] Node 7 is unknown
2017-06-06 15:26:21 WARNING (Thread-12) [mysensors] Node 7 is unknown
2017-06-06 15:26:31 WARNING (Thread-12) [mysensors] Node 7 is unknown
2017-06-06 15:26:33 WARNING (Thread-12) [mysensors] Node 7 is unknown
2017-06-06 15:26:49 WARNING (Thread-12) [mysensors] Node 7 is unknown
2017-06-06 15:26:52 WARNING (Thread-12) [mysensors] Node 7 is unknown
2017-06-06 15:27:02 WARNING (Thread-12) [mysensors] Node 7 is unknown
2017-06-06 15:27:05 WARNING (Thread-12) [mysensors] Node 7 is unknown
2017-06-06 15:27:05 WARNING (Thread-12) [mysensors] Node 6 is unknown
2017-06-06 15:27:06 WARNING (Thread-12) [mysensors] Node 6 is unknown
2017-06-06 15:27:06 WARNING (Thread-12) [mysensors] Node 2 is unknown
2017-06-06 15:27:08 WARNING (Thread-12) [mysensors] Node 2 is unknown
2017-06-06 15:27:11 WARNING (Thread-12) [mysensors] Node 7 is unknown
2017-06-06 15:27:13 WARNING (Thread-12) [mysensors] Node 7 is unknown
2017-06-06 15:27:19 WARNING (Thread-12) [mysensors] Node 2 is unknown
2017-06-06 15:27:20 WARNING (Thread-12) [mysensors] Node 7 is unknown
2017-06-06 15:27:21 WARNING (Thread-12) [mysensors] Node 2 is unknown
2017-06-06 15:27:23 WARNING (Thread-12) [mysensors] Node 7 is unknown
2017-06-06 15:27:47 WARNING (Thread-12) [mysensors] Node 7 is unknown
2017-06-06 15:27:50 WARNING (Thread-12) [mysensors] Node 7 is unknown
2017-06-06 15:27:59 WARNING (Thread-12) [mysensors] Node 7 is unknown
2017-06-06 15:28:01 WARNING (Thread-12) [mysensors] Node 7 is unknown
2017-06-06 15:28:17 WARNING (Thread-12) [mysensors] Node 7 is unknown
2017-06-06 15:28:19 WARNING (Thread-12) [mysensors] Node 7 is unknown
2017-06-06 15:28:26 WARNING (Thread-12) [mysensors] Node 7 is unknown
2017-06-06 15:28:29 WARNING (Thread-12) [mysensors] Node 7 is unknown
2017-06-06 15:28:35 WARNING (Thread-12) [mysensors] Node 7 is unknown
2017-06-06 15:28:38 WARNING (Thread-12) [mysensors] Node 7 is unknown
2017-06-06 15:28:45 WARNING (Thread-12) [mysensors] Node 7 is unknown
2017-06-06 15:28:48 WARNING (Thread-12) [mysensors] Node 7 is unknown
2017-06-06 15:28:53 WARNING (Thread-12) [mysensors] child_id 0 already exists in children of node 12, cannot add child
2017-06-06 15:28:54 WARNING (Thread-12) [mysensors] Node 7 is unknown
2017-06-06 15:28:57 WARNING (Thread-12) [mysensors] Node 7 is unknown
2017-06-06 15:29:03 WARNING (Thread-12) [mysensors] Node 7 is unknown
2017-06-06 15:29:06 WARNING (Thread-12) [mysensors] Node 7 is unknown
2017-06-06 15:29:14 WARNING (Thread-12) [mysensors] Node 7 is unknown
2017-06-06 15:29:17 WARNING (Thread-12) [mysensors] Node 7 is unknown
2017-06-06 15:29:23 WARNING (Thread-12) [mysensors] Node 7 is unknown
2017-06-06 15:29:26 WARNING (Thread-12) [mysensors] Node 7 is unknown
2017-06-06 15:29:34 WARNING (Thread-12) [mysensors] Node 7 is unknown
2017-06-06 15:29:36 WARNING (Thread-12) [mysensors] Node 7 is unknown
2017-06-06 15:30:06 WARNING (Thread-12) [mysensors] child_id 0 already exists in children of node 12, cannot add child
2017-06-06 15:30:16 WARNING (Thread-12) [mysensors] child_id 0 already exists in children of node 12, cannot add child
2017-06-06 15:31:55 WARNING (Thread-12) [mysensors] Node 9 is unknown
2017-06-06 15:31:55 WARNING (Thread-12) [mysensors] Node 9 is unknown
2017-06-06 15:32:41 WARNING (Thread-12) [mysensors] child_id 0 already exists in children of node 12, cannot add child
2017-06-06 15:34:02 WARNING (Thread-12) [mysensors] child_id 1 already exists in children of node 7, cannot add child
2017-06-06 15:34:13 WARNING (Thread-12) [mysensors] child_id 0 already exists in children of node 12, cannot add child
2017-06-06 15:34:20 WARNING (Thread-12) [mysensors] child_id 1 already exists in children of node 7, cannot add child
2017-06-06 15:34:48 WARNING (Thread-12) [mysensors] child_id 0 already exists in children of node 12, cannot add child
2017-06-06 15:51:42 WARNING (Thread-12) [mysensors] child_id 1 already exists in children of node 9, cannot add child
2017-06-06 15:52:34 WARNING (Thread-12) [mysensors] child_id 1 already exists in children of node 9, cannot add child
2017-06-06 15:54:12 WARNING (Thread-12) [mysensors] child_id 1 already exists in children of node 3, cannot add child
2017-06-06 15:54:53 WARNING (Thread-12) [mysensors] child_id 1 already exists in children of node 3, cannot add child
2017-06-06 16:01:47 WARNING (Thread-12) [mysensors] child_id 1 already exists in children of node 9, cannot add child
2017-06-06 16:02:02 WARNING (Thread-12) [mysensors] child_id 1 already exists in children of node 9, cannot add child
2017-06-06 16:04:06 WARNING (Thread-12) [mysensors] child_id 1 already exists in children of node 3, cannot add child
2017-06-06 16:04:43 WARNING (Thread-12) [mysensors] child_id 1 already exists in children of node 3, cannot add child
2017-06-06 16:04:46 WARNING (MainThread) [aiohttp.websocket] websocket connection is closing.
2017-06-06 16:05:32 WARNING (Thread-12) [mysensors] child_id 1 already exists in children of node 3, cannot add child
